{"name":"transaction-notifier","hostname":"acer-Akash","pid":7592,"msg":"user logged in ","level":30,"time":"2020-05-25T09:22:43.159Z","v":0}
{"name":"transaction-notifier","hostname":"acer-Akash","pid":9016,"msg":"user logged in ","level":30,"time":"2020-05-25T09:28:46.261Z","v":0}
{"name":"transaction-notifier","hostname":"acer-Akash","pid":13304,"msg":"user logged in ","level":30,"time":"2020-05-25T09:29:30.651Z","v":0}
{"name":"transaction-notifier","hostname":"acer-Akash","pid":13304,"body":{"Reviewed":[],"_id":"5ecb8b5cbb27bc24244a6eda","name":"Akash","email":"ak@gmail.com","password":"$2a$10$hB0kuTZ.Ykmd4YxRDCHF5OCVTtDTZUfBv85Qp8NadgqibIt0X1KMO","stud_id":"MT2019014","__v":0},"msg":"user logged in ","level":30,"time":"2020-05-25T09:29:31.079Z","v":0}
{"name":"transaction-notifier","hostname":"acer-Akash","pid":6492,"msg":"user logged in ","level":30,"time":"2020-05-27T07:08:25.344Z","v":0}
{"name":"transaction-notifier","hostname":"acer-Akash","pid":6492,"body":{"Reviewed":[],"_id":"5ecb8b5cbb27bc24244a6eda","name":"Akash","email":"ak@gmail.com","password":"$2a$10$hB0kuTZ.Ykmd4YxRDCHF5OCVTtDTZUfBv85Qp8NadgqibIt0X1KMO","stud_id":"MT2019014","__v":0},"msg":"user logged in ","level":30,"time":"2020-05-27T07:08:25.580Z","v":0}
{"name":"transaction-notifier","hostname":"acer-Akash","pid":6492,"msg":"user logged in ","level":30,"time":"2020-05-27T07:08:46.737Z","v":0}
{"name":"transaction-notifier","hostname":"acer-Akash","pid":6492,"body":{"Reviewed":["5ecb8b2cbb27bc24244a6ed9","5ecb8b73bb27bc24244a6edb","5ecb8d6df59b471628ee8364"],"_id":"5ecb815b30c8a5269cb8711d","name":"admin","email":"admin@gmail.com","password":"$2a$10$qkC93W9/FizoJ.oX/8Co1Oi414Yw5YOfm2GnJNHJ.G45LgvQhPy0W","stud_id":"MT2019014","__v":0},"msg":"user logged in ","level":30,"time":"2020-05-27T07:08:46.874Z","v":0}
{"name":"transaction-notifier","hostname":"acer-Akash","pid":6492,"msg":"user logged in ","level":30,"time":"2020-05-27T07:12:35.081Z","v":0}
{"name":"transaction-notifier","hostname":"acer-Akash","pid":6492,"body":{"Reviewed":["5ecb8b2cbb27bc24244a6ed9","5ecb8b73bb27bc24244a6edb","5ecb8d6df59b471628ee8364"],"_id":"5ecb815b30c8a5269cb8711d","name":"admin","email":"admin@gmail.com","password":"$2a$10$qkC93W9/FizoJ.oX/8Co1Oi414Yw5YOfm2GnJNHJ.G45LgvQhPy0W","stud_id":"MT2019014","__v":0},"msg":"user logged in ","level":30,"time":"2020-05-27T07:12:35.224Z","v":0}
{"name":"transaction-notifier","hostname":"acer-Akash","pid":6492,"body":{"Reviews":[],"_id":"5ece12f8aafc75195c142d83","name":"DM","sem":"2","desc":"data modelling","Faculty":"RC Sir","Rating":"No Reviews","Difficulty":"No Reviews"},"msg":"Course created successfully","level":30,"time":"2020-05-27T07:12:56.248Z","v":0}
{"name":"transaction-notifier","hostname":"acer-Akash","pid":6492,"msg":"user logged in ","level":30,"time":"2020-05-27T07:13:14.492Z","v":0}
{"name":"transaction-notifier","hostname":"acer-Akash","pid":6492,"body":{"Reviewed":[],"_id":"5ecb8b5cbb27bc24244a6eda","name":"Akash","email":"ak@gmail.com","password":"$2a$10$hB0kuTZ.Ykmd4YxRDCHF5OCVTtDTZUfBv85Qp8NadgqibIt0X1KMO","stud_id":"MT2019014","__v":0},"msg":"user logged in ","level":30,"time":"2020-05-27T07:13:14.680Z","v":0}
{"name":"transaction-notifier","hostname":"acer-Akash","pid":6492,"body":{"_id":"5ece1317aafc75195c142d84","rating":5,"difficulty":4,"comment":"very practical course","student":"Akash","course":"DM"},"msg":"Review created","level":30,"time":"2020-05-27T07:13:27.247Z","v":0}
{"name":"transaction-notifier","hostname":"acer-Akash","pid":6492,"msg":"user logged in ","level":30,"time":"2020-05-27T07:13:35.721Z","v":0}
{"name":"transaction-notifier","hostname":"acer-Akash","pid":6492,"msg":"user logged in ","level":30,"time":"2020-05-27T07:13:39.435Z","v":0}
{"name":"transaction-notifier","hostname":"acer-Akash","pid":6492,"body":{"Reviewed":[],"_id":"5ece1347aafc75195c142d85","name":"Rahul","email":"rahul@gmail.com","password":"$2a$10$xA8MA3YTfye/hYl2BEaFGOQWy5V.u2C9vAHVB53XXlmjnd6SySHfy","stud_id":"MT2019110","__v":0},"msg":"User registered successfully","level":30,"time":"2020-05-27T07:14:15.955Z","v":0}
{"name":"transaction-notifier","hostname":"acer-Akash","pid":6492,"msg":"user logged in ","level":30,"time":"2020-05-27T07:14:32.135Z","v":0}
{"name":"transaction-notifier","hostname":"acer-Akash","pid":6492,"body":{"Reviewed":[],"_id":"5ece1347aafc75195c142d85","name":"Rahul","email":"rahul@gmail.com","password":"$2a$10$xA8MA3YTfye/hYl2BEaFGOQWy5V.u2C9vAHVB53XXlmjnd6SySHfy","stud_id":"MT2019110","__v":0},"msg":"user logged in ","level":30,"time":"2020-05-27T07:14:32.278Z","v":0}
{"name":"transaction-notifier","hostname":"acer-Akash","pid":6492,"body":{"_id":"5ece1367aafc75195c142d86","rating":4,"difficulty":5,"comment":"nice course","student":"Rahul","course":"DM"},"msg":"Review created","level":30,"time":"2020-05-27T07:14:47.053Z","v":0}
{"name":"transaction-notifier","hostname":"acer-Akash","pid":6492,"msg":"user logged in ","level":30,"time":"2020-05-27T07:15:58.816Z","v":0}
{"name":"transaction-notifier","hostname":"acer-Akash","pid":6492,"body":{"Reviewed":["5ecb8b2cbb27bc24244a6ed9","5ecb8b73bb27bc24244a6edb","5ecb8d6df59b471628ee8364","5ece1317aafc75195c142d84"],"_id":"5ecb815b30c8a5269cb8711d","name":"admin","email":"admin@gmail.com","password":"$2a$10$qkC93W9/FizoJ.oX/8Co1Oi414Yw5YOfm2GnJNHJ.G45LgvQhPy0W","stud_id":"MT2019014","__v":0},"msg":"user logged in ","level":30,"time":"2020-05-27T07:15:58.960Z","v":0}
{"name":"transaction-notifier","hostname":"acer-Akash","pid":12384,"body":{"Reviewed":["5ecb8b2cbb27bc24244a6ed9","5ecb8b73bb27bc24244a6edb","5ecb8d6df59b471628ee8364","5ece1317aafc75195c142d84","5ecf8dcade4b74001ab84f1a","5ecf8dd0de4b74001ab84f1b","5ecf944bde4b74001ab84f1d","5ecf944bde4b74001ab84f1e"],"_id":"5ecb815b30c8a5269cb8711d","name":"admin","email":"admin@gmail.com","password":"$2a$10$qkC93W9/FizoJ.oX/8Co1Oi414Yw5YOfm2GnJNHJ.G45LgvQhPy0W","stud_id":"MT2019014","__v":0},"msg":"user logged in ","level":30,"time":"2020-05-29T02:35:45.336Z","v":0}
{"name":"transaction-notifier","hostname":"acer-Akash","pid":12384,"body":{"_id":"5ed075303b57343060c5b50d","rating":3,"difficulty":4,"comment":"","student":"admin","course":"CS"},"msg":"Review created","level":30,"time":"2020-05-29T02:36:32.414Z","v":0}
{"name":"transaction-notifier","hostname":"acer-Akash","pid":12384,"body":{"_id":"5ed075623b57343060c5b50e","rating":5,"difficulty":5,"comment":"great course","student":"admin","course":"DM"},"msg":"Review created","level":30,"time":"2020-05-29T02:37:22.777Z","v":0}
{"name":"transaction-notifier","hostname":"acer-Akash","pid":6920,"body":{"Reviewed":["5ecb8b2cbb27bc24244a6ed9","5ecb8b73bb27bc24244a6edb","5ecb8d6df59b471628ee8364","5ece1317aafc75195c142d84","5ecf8dcade4b74001ab84f1a","5ecf8dd0de4b74001ab84f1b","5ecf944bde4b74001ab84f1d","5ecf944bde4b74001ab84f1e","5ed075303b57343060c5b50d","5ed075623b57343060c5b50e"],"_id":"5ecb815b30c8a5269cb8711d","name":"admin","email":"admin@gmail.com","password":"$2a$10$qkC93W9/FizoJ.oX/8Co1Oi414Yw5YOfm2GnJNHJ.G45LgvQhPy0W","stud_id":"MT2019014","__v":0},"msg":"user logged in ","level":30,"time":"2020-05-29T02:43:39.110Z","v":0}
